Using pre-set license
Built from '2020.3/staging' branch; Version is '2020.3.11f1 (99c7afb366b3) revision 10078127'; Using compiler version '192528614'; Build Type 'Release'
OS: 'Windows 10 Pro; OS build 19042.1165; Version 2009; 64bit' Language: 'ru' Physical Memory: 16317 MB
BatchMode: 1, IsHumanControllingUs: 0, StartBugReporterOnCrash: 0, Is64bit: 1, IsPro: 0

 COMMAND LINE ARGUMENTS:
C:\Program Files\Unity\Hub\Editor\2020.3.11f1\Editor\Unity.exe
-adb2
-batchMode
-noUpm
-name
AssetImportWorker0
-projectPath
D:/Unity_projs/ColorChanger
-logFile
Logs/AssetImportWorker0.log
-srvPort
58432
Successfully changed project path to: D:/Unity_projs/ColorChanger
D:/Unity_projs/ColorChanger
Using Asset Import Pipeline V2.
Refreshing native plugins compatible for Editor in 38.06 ms, found 2 plugins.
Preloading 0 native plugins for Editor in 0.00 ms.
Initialize engine version: 2020.3.11f1 (99c7afb366b3)
[Subsystems] Discovering subsystems at path C:/Program Files/Unity/Hub/Editor/2020.3.11f1/Editor/Data/Resources/UnitySubsystems
[Subsystems] Discovering subsystems at path D:/Unity_projs/ColorChanger/Assets
GfxDevice: creating device client; threaded=0
Direct3D:
    Version:  Direct3D 11.0 [level 11.1]
    Renderer: NVIDIA GeForce GTX 1060 6GB (ID=0x1c03)
    Vendor:   
    VRAM:     6052 MB
    Driver:   30.0.14.7196
Initialize mono
Mono path[0] = 'C:/Program Files/Unity/Hub/Editor/2020.3.11f1/Editor/Data/Managed'
Mono path[1] = 'C:/Program Files/Unity/Hub/Editor/2020.3.11f1/Editor/Data/MonoBleedingEdge/lib/mono/unityjit'
Mono config path = 'C:/Program Files/Unity/Hub/Editor/2020.3.11f1/Editor/Data/MonoBleedingEdge/etc'
Using monoOptions --debugger-agent=transport=dt_socket,embedding=1,server=y,suspend=n,address=127.0.0.1:56708
Begin MonoManager ReloadAssembly
Registering precompiled unity dll's ...
Register platform support module: C:/Program Files/Unity/Hub/Editor/2020.3.11f1/Editor/Data/PlaybackEngines/WindowsStandaloneSupport/UnityEditor.WindowsStandalone.Extensions.dll
Registered in 0.002582 seconds.
Native extension for WindowsStandalone target not found
Refreshing native plugins compatible for Editor in 35.39 ms, found 2 plugins.
Preloading 0 native plugins for Editor in 0.00 ms.
Mono: successfully reloaded assembly
- Completed reload, in  6.930 seconds
Platform modules already initialized, skipping
Registering precompiled user dll's ...
Registered in 0.050903 seconds.
Begin MonoManager ReloadAssembly
Native extension for WindowsStandalone target not found
Refreshing native plugins compatible for Editor in 36.40 ms, found 2 plugins.
Preloading 0 native plugins for Editor in 0.00 ms.
Mono: successfully reloaded assembly
- Completed reload, in  1.324 seconds
Platform modules already initialized, skipping
========================================================================
Worker process is ready to serve import requests
Launched and connected shader compiler UnityShaderCompiler.exe after 0.08 seconds
Refreshing native plugins compatible for Editor in 0.37 ms, found 2 plugins.
Preloading 0 native plugins for Editor in 0.00 ms.
Unloading 1434 Unused Serialized files (Serialized files now loaded: 0)
System memory in use before: 66.4 MB.
System memory in use after: 66.4 MB.

Unloading 19 unused Assets to reduce memory usage. Loaded Objects now: 1868.
Total: 2.310500 ms (FindLiveObjects: 0.193700 ms CreateObjectMapping: 0.047400 ms MarkObjects: 1.972800 ms  DeleteObjects: 0.094600 ms)

========================================================================
Received Import Request.
  path: Assets/Scripts/Randomizers/RandomColor2D.cs
  artifactKey: Guid(c6324a29a438b5142abff4c3fe5028d7) Importer(815301076,1909f56bfc062723c751e8b465ee728b)
Start importing Assets/Scripts/Randomizers/RandomColor2D.cs using Guid(c6324a29a438b5142abff4c3fe5028d7) Importer(815301076,1909f56bfc062723c751e8b465ee728b)  -> (artifact id: '7d3fb34b7a2c487af66ae29984999f80') in 0.041511 seconds
  Import took 0.055214 seconds .

========================================================================
Received Prepare
Registering precompiled user dll's ...
Registered in 0.003314 seconds.
Begin MonoManager ReloadAssembly
Native extension for WindowsStandalone target not found
Refreshing native plugins compatible for Editor in 0.38 ms, found 2 plugins.
Preloading 0 native plugins for Editor in 0.00 ms.
Mono: successfully reloaded assembly
- Completed reload, in  1.175 seconds
Platform modules already initialized, skipping
Refreshing native plugins compatible for Editor in 0.38 ms, found 2 plugins.
Preloading 0 native plugins for Editor in 0.00 ms.
Unloading 1429 Unused Serialized files (Serialized files now loaded: 0)
System memory in use before: 66.3 MB.
System memory in use after: 66.4 MB.

Unloading 14 unused Assets to reduce memory usage. Loaded Objects now: 1871.
Total: 2.153200 ms (FindLiveObjects: 0.168700 ms CreateObjectMapping: 0.040700 ms MarkObjects: 1.883900 ms  DeleteObjects: 0.058600 ms)

========================================================================
Received Import Request.
  Time since last request: 7.077468 seconds.
  path: Assets/Scripts/Randomizers/RandomColor.cs
  artifactKey: Guid(c6324a29a438b5142abff4c3fe5028d7) Importer(815301076,1909f56bfc062723c751e8b465ee728b)
Start importing Assets/Scripts/Randomizers/RandomColor.cs using Guid(c6324a29a438b5142abff4c3fe5028d7) Importer(815301076,1909f56bfc062723c751e8b465ee728b)  -> (artifact id: '88da67d72406a982355a5ee2d71e9b10') in 0.010834 seconds
  Import took 0.013753 seconds .

========================================================================
Received Prepare
Registering precompiled user dll's ...
Registered in 0.003423 seconds.
Begin MonoManager ReloadAssembly
Native extension for WindowsStandalone target not found
Refreshing native plugins compatible for Editor in 0.39 ms, found 2 plugins.
Preloading 0 native plugins for Editor in 0.00 ms.
Mono: successfully reloaded assembly
- Completed reload, in  1.208 seconds
Platform modules already initialized, skipping
Refreshing native plugins compatible for Editor in 0.39 ms, found 2 plugins.
Preloading 0 native plugins for Editor in 0.00 ms.
Unloading 1429 Unused Serialized files (Serialized files now loaded: 0)
System memory in use before: 66.4 MB.
System memory in use after: 66.4 MB.

Unloading 14 unused Assets to reduce memory usage. Loaded Objects now: 1874.
Total: 2.162000 ms (FindLiveObjects: 0.171500 ms CreateObjectMapping: 0.041100 ms MarkObjects: 1.889100 ms  DeleteObjects: 0.059200 ms)

========================================================================
Received Prepare
Registering precompiled user dll's ...
Registered in 0.003447 seconds.
Begin MonoManager ReloadAssembly
Native extension for WindowsStandalone target not found
Refreshing native plugins compatible for Editor in 0.40 ms, found 2 plugins.
Preloading 0 native plugins for Editor in 0.00 ms.
Mono: successfully reloaded assembly
- Completed reload, in  1.180 seconds
Platform modules already initialized, skipping
Refreshing native plugins compatible for Editor in 0.38 ms, found 2 plugins.
Preloading 0 native plugins for Editor in 0.00 ms.
Unloading 1429 Unused Serialized files (Serialized files now loaded: 0)
System memory in use before: 66.4 MB.
System memory in use after: 66.5 MB.

Unloading 14 unused Assets to reduce memory usage. Loaded Objects now: 1877.
Total: 2.213400 ms (FindLiveObjects: 0.180400 ms CreateObjectMapping: 0.040600 ms MarkObjects: 1.928300 ms  DeleteObjects: 0.062300 ms)

========================================================================
Received Import Request.
  Time since last request: 107.403840 seconds.
  path: Assets/Scripts/Randomizers
  artifactKey: Guid(1b191e7387e1c7c4895e6e1484833433) Importer(815301076,1909f56bfc062723c751e8b465ee728b)
Start importing Assets/Scripts/Randomizers using Guid(1b191e7387e1c7c4895e6e1484833433) Importer(815301076,1909f56bfc062723c751e8b465ee728b)  -> (artifact id: '7c6377679e0c48e456cb544daa4dd9b5') in 0.010769 seconds
  Import took 0.013753 seconds .

========================================================================
Received Import Request.
  Time since last request: 0.000338 seconds.
  path: Assets/Scripts/Randomizers/RandomColor.cs
  artifactKey: Guid(c6324a29a438b5142abff4c3fe5028d7) Importer(815301076,1909f56bfc062723c751e8b465ee728b)
Start importing Assets/Scripts/Randomizers/RandomColor.cs using Guid(c6324a29a438b5142abff4c3fe5028d7) Importer(815301076,1909f56bfc062723c751e8b465ee728b)  -> (artifact id: '8af3174b323962ddc642ac02263993a9') in 0.001966 seconds
  Import took 0.004572 seconds .

========================================================================
Received Import Request.
  Time since last request: 8.774393 seconds.
  path: Assets/Scripts/Randomizers/RandomColor2D.cs
  artifactKey: Guid(8e42c99de7738cd44949e4a9e8bc926f) Importer(815301076,1909f56bfc062723c751e8b465ee728b)
Start importing Assets/Scripts/Randomizers/RandomColor2D.cs using Guid(8e42c99de7738cd44949e4a9e8bc926f) Importer(815301076,1909f56bfc062723c751e8b465ee728b)  -> (artifact id: '5599639e4e2d4547f7e69301966d24fb') in 0.003913 seconds
  Import took 0.021243 seconds .

========================================================================
Received Prepare
Registering precompiled user dll's ...
Registered in 0.003380 seconds.
Begin MonoManager ReloadAssembly
Native extension for WindowsStandalone target not found
Refreshing native plugins compatible for Editor in 0.40 ms, found 2 plugins.
Preloading 0 native plugins for Editor in 0.00 ms.
Mono: successfully reloaded assembly
- Completed reload, in  1.173 seconds
Platform modules already initialized, skipping
Refreshing native plugins compatible for Editor in 0.39 ms, found 2 plugins.
Preloading 0 native plugins for Editor in 0.00 ms.
Unloading 1430 Unused Serialized files (Serialized files now loaded: 0)
System memory in use before: 66.4 MB.
System memory in use after: 66.5 MB.

Unloading 14 unused Assets to reduce memory usage. Loaded Objects now: 1881.
Total: 2.194200 ms (FindLiveObjects: 0.174300 ms CreateObjectMapping: 0.041600 ms MarkObjects: 1.917900 ms  DeleteObjects: 0.059000 ms)

========================================================================
Received Import Request.
  Time since last request: 9.783504 seconds.
  path: Assets/Scripts/Randomizers/RandomColor3D.cs
  artifactKey: Guid(bc5c5987a322d7b4b83a6297040ede48) Importer(815301076,1909f56bfc062723c751e8b465ee728b)
Start importing Assets/Scripts/Randomizers/RandomColor3D.cs using Guid(bc5c5987a322d7b4b83a6297040ede48) Importer(815301076,1909f56bfc062723c751e8b465ee728b)  -> (artifact id: 'f3f72badbea58527f583cd8c04523758') in 0.010957 seconds
  Import took 0.024760 seconds .

========================================================================
Received Prepare
Registering precompiled user dll's ...
Registered in 0.003872 seconds.
Begin MonoManager ReloadAssembly
Native extension for WindowsStandalone target not found
Refreshing native plugins compatible for Editor in 0.40 ms, found 2 plugins.
Preloading 0 native plugins for Editor in 0.00 ms.
Mono: successfully reloaded assembly
- Completed reload, in  1.195 seconds
Platform modules already initialized, skipping
Refreshing native plugins compatible for Editor in 0.40 ms, found 2 plugins.
Preloading 0 native plugins for Editor in 0.00 ms.
Unloading 1431 Unused Serialized files (Serialized files now loaded: 0)
System memory in use before: 66.4 MB.
System memory in use after: 66.5 MB.

Unloading 14 unused Assets to reduce memory usage. Loaded Objects now: 1885.
Total: 2.187700 ms (FindLiveObjects: 0.197700 ms CreateObjectMapping: 0.040200 ms MarkObjects: 1.888700 ms  DeleteObjects: 0.059600 ms)

========================================================================
Received Import Request.
  Time since last request: 122.398463 seconds.
  path: Assets/Scripts/Randomizers/RandomColor3D.cs
  artifactKey: Guid(bc5c5987a322d7b4b83a6297040ede48) Importer(815301076,1909f56bfc062723c751e8b465ee728b)
Start importing Assets/Scripts/Randomizers/RandomColor3D.cs using Guid(bc5c5987a322d7b4b83a6297040ede48) Importer(815301076,1909f56bfc062723c751e8b465ee728b)  -> (artifact id: '066de68ba6c902c3205f6f693ac47f45') in 0.004869 seconds
  Import took 0.015992 seconds .

========================================================================
Received Import Request.
  Time since last request: 69.514752 seconds.
  path: Assets/Scripts/Randomizers/RandomColor3D.cs
  artifactKey: Guid(bc5c5987a322d7b4b83a6297040ede48) Importer(815301076,1909f56bfc062723c751e8b465ee728b)
Start importing Assets/Scripts/Randomizers/RandomColor3D.cs using Guid(bc5c5987a322d7b4b83a6297040ede48) Importer(815301076,1909f56bfc062723c751e8b465ee728b)  -> (artifact id: 'b07e6ea7d23eb7a8b5bb30ca4d52c5a0') in 0.003930 seconds
  Import took 0.021439 seconds .

========================================================================
Received Import Request.
  Time since last request: 22.213976 seconds.
  path: Assets/Scripts/Randomizers/RandomColor3D.cs
  artifactKey: Guid(bc5c5987a322d7b4b83a6297040ede48) Importer(815301076,1909f56bfc062723c751e8b465ee728b)
Start importing Assets/Scripts/Randomizers/RandomColor3D.cs using Guid(bc5c5987a322d7b4b83a6297040ede48) Importer(815301076,1909f56bfc062723c751e8b465ee728b)  -> (artifact id: 'a51471ce6e6100e6341d4bc5573aafd9') in 0.017811 seconds
  Import took 0.041879 seconds .

========================================================================
Received Prepare
Registering precompiled user dll's ...
Registered in 0.003430 seconds.
Begin MonoManager ReloadAssembly
Native extension for WindowsStandalone target not found
Refreshing native plugins compatible for Editor in 0.39 ms, found 2 plugins.
Preloading 0 native plugins for Editor in 0.00 ms.
Mono: successfully reloaded assembly
- Completed reload, in  1.171 seconds
Platform modules already initialized, skipping
Refreshing native plugins compatible for Editor in 0.38 ms, found 2 plugins.
Preloading 0 native plugins for Editor in 0.00 ms.
Unloading 1431 Unused Serialized files (Serialized files now loaded: 0)
System memory in use before: 66.4 MB.
System memory in use after: 66.5 MB.

Unloading 14 unused Assets to reduce memory usage. Loaded Objects now: 1888.
Total: 2.532600 ms (FindLiveObjects: 0.185800 ms CreateObjectMapping: 0.041200 ms MarkObjects: 2.239200 ms  DeleteObjects: 0.064700 ms)

========================================================================
Received Prepare
Registering precompiled user dll's ...
Registered in 0.003509 seconds.
Begin MonoManager ReloadAssembly
Native extension for WindowsStandalone target not found
Refreshing native plugins compatible for Editor in 0.40 ms, found 2 plugins.
Preloading 0 native plugins for Editor in 0.00 ms.
Mono: successfully reloaded assembly
- Completed reload, in  1.146 seconds
Platform modules already initialized, skipping
Refreshing native plugins compatible for Editor in 0.38 ms, found 2 plugins.
Preloading 0 native plugins for Editor in 0.00 ms.
Unloading 1431 Unused Serialized files (Serialized files now loaded: 0)
System memory in use before: 66.5 MB.
System memory in use after: 66.5 MB.

Unloading 14 unused Assets to reduce memory usage. Loaded Objects now: 1891.
Total: 2.259100 ms (FindLiveObjects: 0.188800 ms CreateObjectMapping: 0.041600 ms MarkObjects: 1.960400 ms  DeleteObjects: 0.067100 ms)

========================================================================
Received Import Request.
  Time since last request: 131.780578 seconds.
  path: Assets/Scripts/PlayerController.cs
  artifactKey: Guid(f0db3f8cd62f65f4992f03edcf3fb11b) Importer(815301076,1909f56bfc062723c751e8b465ee728b)
Start importing Assets/Scripts/PlayerController.cs using Guid(f0db3f8cd62f65f4992f03edcf3fb11b) Importer(815301076,1909f56bfc062723c751e8b465ee728b)  -> (artifact id: '924778bfff2338254a56888b2e4bed1e') in 0.011102 seconds
  Import took 0.031249 seconds .

========================================================================
Received Import Request.
  Time since last request: 56.382223 seconds.
  path: Assets/Scripts/PlayerController.cs
  artifactKey: Guid(f0db3f8cd62f65f4992f03edcf3fb11b) Importer(815301076,1909f56bfc062723c751e8b465ee728b)
Start importing Assets/Scripts/PlayerController.cs using Guid(f0db3f8cd62f65f4992f03edcf3fb11b) Importer(815301076,1909f56bfc062723c751e8b465ee728b)  -> (artifact id: 'd356accc84c9685a3388d747c6ef7f13') in 0.001969 seconds
  Import took 0.019300 seconds .

========================================================================
Received Prepare
Registering precompiled user dll's ...
Registered in 0.003463 seconds.
Begin MonoManager ReloadAssembly
Native extension for WindowsStandalone target not found
Refreshing native plugins compatible for Editor in 0.48 ms, found 2 plugins.
Preloading 0 native plugins for Editor in 0.00 ms.
Mono: successfully reloaded assembly
- Completed reload, in  1.174 seconds
Platform modules already initialized, skipping
Refreshing native plugins compatible for Editor in 0.38 ms, found 2 plugins.
Preloading 0 native plugins for Editor in 0.00 ms.
Unloading 1431 Unused Serialized files (Serialized files now loaded: 0)
System memory in use before: 66.5 MB.
System memory in use after: 66.5 MB.

Unloading 14 unused Assets to reduce memory usage. Loaded Objects now: 1894.
Total: 2.169900 ms (FindLiveObjects: 0.171800 ms CreateObjectMapping: 0.041400 ms MarkObjects: 1.894900 ms  DeleteObjects: 0.060400 ms)

========================================================================
Received Import Request.
  Time since last request: 26.123142 seconds.
  path: Assets/Scripts/PlayerController.cs
  artifactKey: Guid(f0db3f8cd62f65f4992f03edcf3fb11b) Importer(815301076,1909f56bfc062723c751e8b465ee728b)
Start importing Assets/Scripts/PlayerController.cs using Guid(f0db3f8cd62f65f4992f03edcf3fb11b) Importer(815301076,1909f56bfc062723c751e8b465ee728b)  -> (artifact id: 'aa373b072e131226d3677553faf71837') in 0.004996 seconds
  Import took 0.014848 seconds .

========================================================================
Received Prepare
Registering precompiled user dll's ...
Registered in 0.003687 seconds.
Begin MonoManager ReloadAssembly
Native extension for WindowsStandalone target not found
Refreshing native plugins compatible for Editor in 0.39 ms, found 2 plugins.
Preloading 0 native plugins for Editor in 0.00 ms.
Mono: successfully reloaded assembly
- Completed reload, in  1.275 seconds
Platform modules already initialized, skipping
Switching build target platform(19) subTarget(0) extendedPlatform(0) -> platform(13) subTarget(537395200) extendedPlatform(0)
Refreshing native plugins compatible for Editor in 0.38 ms, found 2 plugins.
Preloading 0 native plugins for Editor in 0.00 ms.
Unloading 1435 Unused Serialized files (Serialized files now loaded: 0)
System memory in use before: 66.4 MB.
System memory in use after: 66.5 MB.

Unloading 14 unused Assets to reduce memory usage. Loaded Objects now: 1897.
Total: 2.187900 ms (FindLiveObjects: 0.169600 ms CreateObjectMapping: 0.040500 ms MarkObjects: 1.916300 ms  DeleteObjects: 0.060400 ms)

AssetImportParameters requested are different than current active one (requested -> active):
  custom:graphics/normal-map-encoding: 01000000000000000000000000000000 -> 02000000000000000000000000000000
========================================================================
Received Prepare
Refreshing native plugins compatible for Editor in 2.90 ms, found 2 plugins.
Preloading 0 native plugins for Editor in 0.00 ms.
Unloading 12 Unused Serialized files (Serialized files now loaded: 0)
System memory in use before: 38.3 MB.
System memory in use after: 38.4 MB.

Unloading 12 unused Assets to reduce memory usage. Loaded Objects now: 1897.
Total: 2.319000 ms (FindLiveObjects: 0.173900 ms CreateObjectMapping: 0.038900 ms MarkObjects: 2.036400 ms  DeleteObjects: 0.068500 ms)

========================================================================
Received Prepare
Refreshing native plugins compatible for Editor in 2.73 ms, found 2 plugins.
Preloading 0 native plugins for Editor in 0.00 ms.
Unloading 12 Unused Serialized files (Serialized files now loaded: 0)
System memory in use before: 38.3 MB.
System memory in use after: 38.4 MB.

Unloading 12 unused Assets to reduce memory usage. Loaded Objects now: 1897.
Total: 2.515300 ms (FindLiveObjects: 0.170500 ms CreateObjectMapping: 0.039100 ms MarkObjects: 2.241400 ms  DeleteObjects: 0.063100 ms)

AssetImportWorkerClient::OnTransportError - code=2 error=End of file
